  show9.cpp
C:\Users\Ansam\Desktop\git\CS-2200-Lab02\CS-2200-Lab02\show9.cpp(13,12): error C2988: unrecognizable template declaration/definition
C:\Users\Ansam\Desktop\git\CS-2200-Lab02\CS-2200-Lab02\show9.cpp(13,12): error C2143: syntax error: missing ';' before '<'
C:\Users\Ansam\Desktop\git\CS-2200-Lab02\CS-2200-Lab02\show9.cpp(13,1): error C2182: 'BSTree': illegal use of type 'void'
C:\Users\Ansam\Desktop\git\CS-2200-Lab02\CS-2200-Lab02\show9.cpp(13,12): error C2059: syntax error: '<'
C:\Users\Ansam\Desktop\git\CS-2200-Lab02\CS-2200-Lab02\show9.cpp(13,33): error C2039: 'showStructure': is not a member of '`global namespace''
C:\Users\Ansam\Desktop\git\CS-2200-Lab02\CS-2200-Lab02\show9.cpp(20,1): error C2143: syntax error: missing ';' before '{'
C:\Users\Ansam\Desktop\git\CS-2200-Lab02\CS-2200-Lab02\show9.cpp(20,1): error C2447: '{': missing function header (old-style formal list?)
C:\Users\Ansam\Desktop\git\CS-2200-Lab02\CS-2200-Lab02\show9.cpp(34,12): error C2988: unrecognizable template declaration/definition
C:\Users\Ansam\Desktop\git\CS-2200-Lab02\CS-2200-Lab02\show9.cpp(34,12): error C2143: syntax error: missing ';' before '<'
C:\Users\Ansam\Desktop\git\CS-2200-Lab02\CS-2200-Lab02\show9.cpp(34,12): error C2182: 'BSTree': illegal use of type 'void'
C:\Users\Ansam\Desktop\git\CS-2200-Lab02\CS-2200-Lab02\show9.cpp(34,6): error C2374: 'BSTree': redefinition; multiple initialization
C:\Users\Ansam\Desktop\git\CS-2200-Lab02\CS-2200-Lab02\show9.cpp(13): message : see declaration of 'BSTree'
C:\Users\Ansam\Desktop\git\CS-2200-Lab02\CS-2200-Lab02\show9.cpp(34,12): error C2059: syntax error: '<'
C:\Users\Ansam\Desktop\git\CS-2200-Lab02\CS-2200-Lab02\show9.cpp(34,33): error C2039: 'showHelper': is not a member of '`global namespace''
C:\Users\Ansam\Desktop\git\CS-2200-Lab02\CS-2200-Lab02\show9.cpp(40,1): error C2143: syntax error: missing ';' before '{'
  test9.cpp
C:\Users\Ansam\Desktop\git\CS-2200-Lab02\CS-2200-Lab02\show9.cpp(40,1): error C2447: '{': missing function header (old-style formal list?)
  Generating Code...
C:\Users\Ansam\Desktop\git\CS-2200-Lab02\CS-2200-Lab02\test9.cpp(12,10): fatal error C1083: Cannot open include file: 'BSTree.cpp': No such file or directory
